#
# A fatal error has been detected by the Java Runtime Environment:
#
#  EXCEPTION_ACCESS_VIOLATION (0xc0000005) at pc=0x0000000077c01cd0, pid=10028, tid=0x00000000000022b0
#
# JRE version: Java(TM) SE Runtime Environment (8.0_151-b12) (build 1.8.0_151-b12)
# Java VM: Java HotSpot(TM) 64-Bit Server VM (25.151-b12 mixed mode windows-amd64 compressed oops)
# Problematic frame:
# V  [jvm.dll+0x4a1cd0]
#
# Failed to write core dump. Minidumps are not enabled by default on client versions of Windows
#
# If you would like to submit a bug report, please visit:
#   http://bugreport.java.com/bugreport/crash.jsp
#

---------------  T H R E A D  ---------------

Current thread (0x0000000003090800):  JavaThread "C2 CompilerThread0" daemon [_thread_in_native, id=8880, stack(0x000000001a730000,0x000000001a830000)]

siginfo: ExceptionCode=0xc0000005, reading address 0x0000200077f7df90

Registers:
RAX=0x0000000000000000, RBX=0x000000001d8f84d0, RCX=0x0000200077f7df90, RDX=0x0000000000000000
RSP=0x000000001a82c4e0, RBP=0x000000000000000e, RSI=0x0000000000000070, RDI=0x000000001a82c530
R8 =0x0000000000200000, R9 =0x000000002329a380, R10=0x0000000077760000, R11=0x000000001a82c400
R12=0x0000000077f7df90, R13=0x0000000077760000, R14=0x000000001db22878, R15=0x00000000000003d8
RIP=0x0000000077c01cd0, EFLAGS=0x0000000000010246

Top of Stack: (sp=0x000000001a82c4e0)
0x000000001a82c4e0:   000000001a82ecb0 000000001d883d10
0x000000001a82c4f0:   fffffffffffffff8 00000000180244e0
0x000000001a82c500:   0000000000000db5 0000000077bfcd9f
0x000000001a82c510:   000000001d884e90 000000001d8f84d0
0x000000001a82c520:   0000000000000db5 000000001a82c610
0x000000001a82c530:   00000da500000000 0000000000000006
0x000000001a82c540:   0000200077f7df90 000000000000000e
0x000000001a82c550:   0000000021ca66e0 0000000000000016
0x000000001a82c560:   000000001d8f90b0 000000001a82c900
0x000000001a82c570:   000000001db224a0 000000001a82c900
0x000000001a82c580:   000000001db22490 0000000077bc8e91
0x000000001a82c590:   0000000000000000 000000001a82c690
0x000000001a82c5a0:   0000000000000000 0000000000000007
0x000000001a82c5b0:   0000000000000002 000000001db22490
0x000000001a82c5c0:   000000001d208510 000000001d20b1c0
0x000000001a82c5d0:   000000001d2104f8 00000000003a4cc8 

Instructions: (pc=0x0000000077c01cd0)
0x0000000077c01cb0:   48 8b 4f 20 48 39 04 0e 0f 84 9d 00 00 00 48 8b
0x0000000077c01cc0:   0c 0e 33 d2 33 c0 48 89 4f 10 66 0f 1f 44 00 00
0x0000000077c01cd0:   83 3c 08 00 0f 85 36 01 00 00 ff c2 48 83 c0 04
0x0000000077c01ce0:   83 fa 08 72 eb 48 8b 47 30 48 89 44 24 30 48 85 


Register to memory mapping:

RAX=0x0000000000000000 is an unknown value
RBX=0x000000001d8f84d0 is an unknown value
RCX=0x0000200077f7df90 is an unknown value
RDX=0x0000000000000000 is an unknown value
RSP=0x000000001a82c4e0 is pointing into the stack for thread: 0x0000000003090800
RBP=0x000000000000000e is an unknown value
RSI=0x0000000000000070 is an unknown value
RDI=0x000000001a82c530 is pointing into the stack for thread: 0x0000000003090800
R8 =0x0000000000200000 is an unknown value
R9 =0x000000002329a380 is an unknown value
R10=0x0000000077760000 is an unknown value
R11=0x000000001a82c400 is pointing into the stack for thread: 0x0000000003090800
R12=0x0000000077f7df90 is an unknown value
R13=0x0000000077760000 is an unknown value
R14=0x000000001db22878 is an unknown value
R15=0x00000000000003d8 is an unknown value


Stack: [0x000000001a730000,0x000000001a830000],  sp=0x000000001a82c4e0,  free space=1009k
Native frames: (J=compiled Java code, j=interpreted, Vv=VM code, C=native code)
V  [jvm.dll+0x4a1cd0]
V  [jvm.dll+0x49cd9f]
V  [jvm.dll+0x468e91]
V  [jvm.dll+0x4740fb]
V  [jvm.dll+0x476a07]
V  [jvm.dll+0x459422]
V  [jvm.dll+0xa5be2]
V  [jvm.dll+0xa651f]
V  [jvm.dll+0x244adf]
V  [jvm.dll+0x29c3ea]
C  [msvcr100.dll+0x21d9f]
C  [msvcr100.dll+0x21e3b]
C  [KERNEL32.DLL+0x12774]
C  [ntdll.dll+0x70d51]


Current CompileTask:
C2: 237315 13661 % !   4       org.apache.spark.sql.catalyst.expressions.GeneratedClass$GeneratedIterator::agg_doAggregateWithKeys$ @ 14 (850 bytes)


---------------  P R O C E S S  ---------------

Java Threads: ( => current thread )
  0x00000000220e9000 JavaThread "block-manager-slave-async-thread-pool-6" daemon [_thread_blocked, id=9524, stack(0x0000000028590000,0x0000000028690000)]
  0x00000000220ee800 JavaThread "block-manager-slave-async-thread-pool-5" daemon [_thread_blocked, id=10208, stack(0x0000000028490000,0x0000000028590000)]
  0x00000000220e6000 JavaThread "task-result-getter-3" daemon [_thread_blocked, id=9192, stack(0x0000000026dc0000,0x0000000026ec0000)]
  0x00000000220ed000 JavaThread "task-result-getter-2" daemon [_thread_blocked, id=8860, stack(0x0000000026cc0000,0x0000000026dc0000)]
  0x00000000220e5800 JavaThread "task-result-getter-1" daemon [_thread_blocked, id=1392, stack(0x0000000026bc0000,0x0000000026cc0000)]
  0x00000000220ec000 JavaThread "block-manager-ask-thread-pool-1" daemon [_thread_blocked, id=2712, stack(0x00000000268c0000,0x00000000269c0000)]
  0x000000001c688800 JavaThread "block-manager-slave-async-thread-pool-1" daemon [_thread_blocked, id=10904, stack(0x00000000266c0000,0x00000000267c0000)]
  0x000000001c686800 JavaThread "block-manager-ask-thread-pool-0" daemon [_thread_blocked, id=10596, stack(0x0000000025fc0000,0x00000000260c0000)]
  0x000000001c67f000 JavaThread "task-result-getter-0" daemon [_thread_blocked, id=3120, stack(0x0000000025cc0000,0x0000000025dc0000)]
  0x000000001c685800 JavaThread "Executor task launch worker for task 2449" daemon [_thread_in_Java, id=7888, stack(0x0000000023cb0000,0x0000000023db0000)]
  0x000000001c683800 JavaThread "org.apache.hadoop.fs.FileSystem$Statistics$StatisticsDataReferenceCleaner" daemon [_thread_blocked, id=9344, stack(0x00000000223a0000,0x00000000224a0000)]
  0x000000001c682800 JavaThread "SparkListenerBus" daemon [_thread_blocked, id=10948, stack(0x0000000020ed0000,0x0000000020fd0000)]
  0x000000001c67e000 JavaThread "context-cleaner-periodic-gc" daemon [_thread_blocked, id=3028, stack(0x0000000020dd0000,0x0000000020ed0000)]
  0x000000001c682000 JavaThread "Spark Context Cleaner" daemon [_thread_blocked, id=10196, stack(0x0000000020cd0000,0x0000000020dd0000)]
  0x000000001c685000 JavaThread "shuffle-server-5-1" daemon [_thread_in_native, id=1912, stack(0x00000000209d0000,0x0000000020ad0000)]
  0x000000001c684000 JavaThread "driver-heartbeater" daemon [_thread_blocked, id=7648, stack(0x00000000208d0000,0x00000000209d0000)]
  0x000000001c681000 JavaThread "dag-scheduler-event-loop" daemon [_thread_blocked, id=3592, stack(0x00000000207d0000,0x00000000208d0000)]
  0x000000001c679800 JavaThread "netty-rpc-env-timeout" daemon [_thread_blocked, id=4988, stack(0x00000000206d0000,0x00000000207d0000)]
  0x000000001c67d800 JavaThread "Timer-0" daemon [_thread_blocked, id=7192, stack(0x00000000205d0000,0x00000000206d0000)]
  0x000000001c680800 JavaThread "heartbeat-receiver-event-loop-thread" daemon [_thread_blocked, id=8996, stack(0x00000000204d0000,0x00000000205d0000)]
  0x000000001c67c800 JavaThread "SparkUI-54" daemon [_thread_blocked, id=4292, stack(0x00000000201d0000,0x00000000202d0000)]
  0x000000001c67c000 JavaThread "SparkUI-53" daemon [_thread_blocked, id=7372, stack(0x00000000200d0000,0x00000000201d0000)]
  0x000000001c67f800 JavaThread "SparkUI-52" daemon [_thread_blocked, id=6780, stack(0x000000001ffd0000,0x00000000200d0000)]
  0x000000001c67b000 JavaThread "SparkUI-51-acceptor-0@3326322b-Spark@3de1da3f{HTTP/1.1,[http/1.1]}{0.0.0.0:4040}" daemon [_thread_in_native, id=8300, stack(0x000000001fed0000,0x000000001ffd0000)]
  0x000000001c67a800 JavaThread "SparkUI-50" daemon [_thread_in_native, id=2720, stack(0x000000001fdd0000,0x000000001fed0000)]
  0x000000001c7c5800 JavaThread "SparkUI-49" daemon [_thread_in_native, id=8168, stack(0x000000001fcd0000,0x000000001fdd0000)]
  0x000000001c7c8000 JavaThread "SparkUI-48" daemon [_thread_in_native, id=9416, stack(0x000000001fbd0000,0x000000001fcd0000)]
  0x000000001c7c4000 JavaThread "SparkUI-47" daemon [_thread_in_native, id=760, stack(0x000000001fad0000,0x000000001fbd0000)]
  0x000000001c7c3800 JavaThread "refresh progress" daemon [_thread_blocked, id=5584, stack(0x000000001f7d0000,0x000000001f8d0000)]
  0x000000001c7c7000 JavaThread "map-output-dispatcher-7" daemon [_thread_blocked, id=6324, stack(0x000000001f6d0000,0x000000001f7d0000)]
  0x000000001c7ca000 JavaThread "map-output-dispatcher-6" daemon [_thread_blocked, id=8740, stack(0x000000001f5d0000,0x000000001f6d0000)]
  0x000000001c7c8800 JavaThread "map-output-dispatcher-5" daemon [_thread_blocked, id=2644, stack(0x000000001f4d0000,0x000000001f5d0000)]
  0x000000001c7c6800 JavaThread "map-output-dispatcher-4" daemon [_thread_blocked, id=7992, stack(0x000000001f3d0000,0x000000001f4d0000)]
  0x000000001c7c9800 JavaThread "map-output-dispatcher-3" daemon [_thread_blocked, id=2480, stack(0x000000001f2d0000,0x000000001f3d0000)]
  0x000000001c7c5000 JavaThread "map-output-dispatcher-2" daemon [_thread_blocked, id=5384, stack(0x000000001f1d0000,0x000000001f2d0000)]
  0x000000001c7b4800 JavaThread "map-output-dispatcher-1" daemon [_thread_blocked, id=10700, stack(0x000000001f0d0000,0x000000001f1d0000)]
  0x000000001c89a800 JavaThread "map-output-dispatcher-0" daemon [_thread_blocked, id=9532, stack(0x000000001efd0000,0x000000001f0d0000)]
  0x000000001c5d6000 JavaThread "rpc-server-3-1" daemon [_thread_in_native, id=5212, stack(0x000000001eed0000,0x000000001efd0000)]
  0x000000001c884800 JavaThread "dispatcher-event-loop-7" daemon [_thread_blocked, id=8320, stack(0x000000001e8d0000,0x000000001e9d0000)]
  0x000000001c884000 JavaThread "dispatcher-event-loop-6" daemon [_thread_blocked, id=10732, stack(0x000000001e7d0000,0x000000001e8d0000)]
  0x000000001c86a800 JavaThread "dispatcher-event-loop-5" daemon [_thread_blocked, id=2768, stack(0x000000001e6d0000,0x000000001e7d0000)]
  0x000000001c86a000 JavaThread "dispatcher-event-loop-4" daemon [_thread_blocked, id=9544, stack(0x000000001e5d0000,0x000000001e6d0000)]
  0x000000001c869800 JavaThread "dispatcher-event-loop-3" daemon [_thread_blocked, id=9700, stack(0x000000001e4d0000,0x000000001e5d0000)]
  0x000000001c352000 JavaThread "dispatcher-event-loop-2" daemon [_thread_blocked, id=7352, stack(0x000000001e3d0000,0x000000001e4d0000)]
  0x000000001c34f000 JavaThread "dispatcher-event-loop-1" daemon [_thread_blocked, id=10564, stack(0x000000001e2d0000,0x000000001e3d0000)]
  0x000000001c34d000 JavaThread "dispatcher-event-loop-0" daemon [_thread_blocked, id=11228, stack(0x000000001dbc0000,0x000000001dcc0000)]
  0x000000001934e800 JavaThread "Service Thread" daemon [_thread_blocked, id=1568, stack(0x000000001ab30000,0x000000001ac30000)]
  0x0000000003098800 JavaThread "C1 CompilerThread3" daemon [_thread_blocked, id=7484, stack(0x000000001aa30000,0x000000001ab30000)]
  0x0000000003095800 JavaThread "C2 CompilerThread2" daemon [_thread_blocked, id=6632, stack(0x000000001a930000,0x000000001aa30000)]
  0x0000000003092800 JavaThread "C2 CompilerThread1" daemon [_thread_blocked, id=11160, stack(0x000000001a830000,0x000000001a930000)]
=>0x0000000003090800 JavaThread "C2 CompilerThread0" daemon [_thread_in_native, id=8880, stack(0x000000001a730000,0x000000001a830000)]
  0x000000000308f000 JavaThread "Attach Listener" daemon [_thread_blocked, id=9012, stack(0x000000001a630000,0x000000001a730000)]
  0x000000000308e800 JavaThread "Signal Dispatcher" daemon [_thread_blocked, id=2272, stack(0x000000001a530000,0x000000001a630000)]
  0x00000000192c3800 JavaThread "Finalizer" daemon [_thread_blocked, id=9056, stack(0x000000001a320000,0x000000001a420000)]
  0x000000001802d000 JavaThread "Reference Handler" daemon [_thread_blocked, id=8960, stack(0x000000001a220000,0x000000001a320000)]
  0x0000000002fa8000 JavaThread "main" [_thread_blocked, id=5860, stack(0x0000000002ea0000,0x0000000002fa0000)]

Other Threads:
  0x0000000018025000 VMThread [stack: 0x000000001a120000,0x000000001a220000] [id=5144]
  0x000000001943a000 WatcherThread [stack: 0x000000001afe0000,0x000000001b0e0000] [id=6028]

VM state:not at safepoint (normal execution)

VM Mutex/Monitor currently owned by a thread: None

Heap:
 PSYoungGen      total 685568K, used 276572K [0x00000000d5e00000, 0x0000000100000000, 0x0000000100000000)
  eden space 680960K, 40% used [0x00000000d5e00000,0x00000000e69102a0,0x00000000ff700000)
  from space 4608K, 67% used [0x00000000ffb80000,0x00000000ffe86e30,0x0000000100000000)
  to   space 4608K, 0% used [0x00000000ff700000,0x00000000ff700000,0x00000000ffb80000)
 ParOldGen       total 869888K, used 665278K [0x0000000081a00000, 0x00000000b6b80000, 0x00000000d5e00000)
  object space 869888K, 76% used [0x0000000081a00000,0x00000000aa3af918,0x00000000b6b80000)
 Metaspace       used 73691K, capacity 74716K, committed 74880K, reserved 1112064K
  class space    used 11920K, capacity 12123K, committed 12160K, reserved 1048576K

Card table byte_map: [0x0000000012460000,0x0000000012860000] byte_map_base: 0x0000000012053000

Marking Bits: (ParMarkBitMap*) 0x0000000077f7d850
 Begin Bits: [0x0000000013310000, 0x00000000152a8000)
 End Bits:   [0x00000000152a8000, 0x0000000017240000)

Polling page: 0x0000000001490000

CodeCache: size=245760Kb used=39062Kb max_used=39062Kb free=206697Kb
 bounds [0x00000000030a0000, 0x0000000005710000, 0x00000000120a0000]
 total_blobs=11728 nmethods=11120 adapters=516
 compilation: enabled

Compilation events (10 events):
Event: 236.528 Thread 0x0000000003090800 nmethod 13642 0x00000000056dda90 code [0x00000000056ddca0, 0x00000000056de6a0]
Event: 236.531 Thread 0x0000000003095800 nmethod 13653 0x00000000056e2e90 code [0x00000000056e3000, 0x00000000056e3548]
Event: 236.657 Thread 0x0000000003092800 nmethod 13654 0x00000000056e92d0 code [0x00000000056e98e0, 0x00000000056ee690]
Event: 236.897 Thread 0x0000000003098800 13658 % !   3       org.apache.spark.sql.catalyst.expressions.GeneratedClass$GeneratedIterator::agg_doAggregateWithKeys$ @ 14 (850 bytes)
Event: 236.900 Thread 0x0000000003098800 nmethod 13658% 0x00000000056f6610 code [0x00000000056f6b80, 0x00000000056fa468]
Event: 236.904 Thread 0x0000000003098800 13659   !   3       org.apache.spark.sql.catalyst.expressions.GeneratedClass$GeneratedIterator::agg_doAggregateWithKeys$ (850 bytes)
Event: 236.906 Thread 0x0000000003098800 nmethod 13659 0x00000000056fd450 code [0x00000000056fd9a0, 0x0000000005701088]
Event: 236.993 Thread 0x0000000003098800 13660       3       org.apache.spark.storage.StorageLevel::isValid (28 bytes)
Event: 236.994 Thread 0x0000000003098800 nmethod 13660 0x00000000056dc1d0 code [0x00000000056dc360, 0x00000000056dc730]
Event: 237.055 Thread 0x0000000003090800 13661 % !   4       org.apache.spark.sql.catalyst.expressions.GeneratedClass$GeneratedIterator::agg_doAggregateWithKeys$ @ 14 (850 bytes)

GC Heap History (10 events):
Event: 233.212 GC heap before
{Heap before GC invocations=341 (full 11):
 PSYoungGen      total 685568K, used 682522K [0x00000000d5e00000, 0x0000000100000000, 0x0000000100000000)
  eden space 680960K, 100% used [0x00000000d5e00000,0x00000000ff700000,0x00000000ff700000)
  from space 4608K, 33% used [0x00000000ff700000,0x00000000ff886980,0x00000000ffb80000)
  to   space 4608K, 0% used [0x00000000ffb80000,0x00000000ffb80000,0x0000000100000000)
 ParOldGen       total 869888K, used 403110K [0x0000000081a00000, 0x00000000b6b80000, 0x00000000d5e00000)
  object space 869888K, 46% used [0x0000000081a00000,0x000000009a3a9898,0x00000000b6b80000)
 Metaspace       used 73445K, capacity 74376K, committed 74624K, reserved 1112064K
  class space    used 11901K, capacity 12108K, committed 12160K, reserved 1048576K
Event: 233.215 GC heap after
Heap after GC invocations=341 (full 11):
 PSYoungGen      total 685568K, used 1576K [0x00000000d5e00000, 0x0000000100000000, 0x0000000100000000)
  eden space 680960K, 0% used [0x00000000d5e00000,0x00000000d5e00000,0x00000000ff700000)
  from space 4608K, 34% used [0x00000000ffb80000,0x00000000ffd0a0b8,0x0000000100000000)
  to   space 4608K, 0% used [0x00000000ff700000,0x00000000ff700000,0x00000000ffb80000)
 ParOldGen       total 869888K, used 403110K [0x0000000081a00000, 0x00000000b6b80000, 0x00000000d5e00000)
  object space 869888K, 46% used [0x0000000081a00000,0x000000009a3a9898,0x00000000b6b80000)
 Metaspace       used 73445K, capacity 74376K, committed 74624K, reserved 1112064K
  class space    used 11901K, capacity 12108K, committed 12160K, reserved 1048576K
}
Event: 233.927 GC heap before
{Heap before GC invocations=342 (full 11):
 PSYoungGen      total 685568K, used 682536K [0x00000000d5e00000, 0x0000000100000000, 0x0000000100000000)
  eden space 680960K, 100% used [0x00000000d5e00000,0x00000000ff700000,0x00000000ff700000)
  from space 4608K, 34% used [0x00000000ffb80000,0x00000000ffd0a0b8,0x0000000100000000)
  to   space 4608K, 0% used [0x00000000ff700000,0x00000000ff700000,0x00000000ffb80000)
 ParOldGen       total 869888K, used 403110K [0x0000000081a00000, 0x00000000b6b80000, 0x00000000d5e00000)
  object space 869888K, 46% used [0x0000000081a00000,0x000000009a3a9898,0x00000000b6b80000)
 Metaspace       used 73445K, capacity 74376K, committed 74624K, reserved 1112064K
  class space    used 11901K, capacity 12108K, committed 12160K, reserved 1048576K
Event: 233.930 GC heap after
Heap after GC invocations=342 (full 11):
 PSYoungGen      total 685568K, used 1530K [0x00000000d5e00000, 0x0000000100000000, 0x0000000100000000)
  eden space 680960K, 0% used [0x00000000d5e00000,0x00000000d5e00000,0x00000000ff700000)
  from space 4608K, 33% used [0x00000000ff700000,0x00000000ff87e980,0x00000000ffb80000)
  to   space 4608K, 0% used [0x00000000ffb80000,0x00000000ffb80000,0x0000000100000000)
 ParOldGen       total 869888K, used 403110K [0x0000000081a00000, 0x00000000b6b80000, 0x00000000d5e00000)
  object space 869888K, 46% used [0x0000000081a00000,0x000000009a3a9898,0x00000000b6b80000)
 Metaspace       used 73445K, capacity 74376K, committed 74624K, reserved 1112064K
  class space    used 11901K, capacity 12108K, committed 12160K, reserved 1048576K
}
Event: 234.730 GC heap before
{Heap before GC invocations=343 (full 11):
 PSYoungGen      total 685568K, used 682490K [0x00000000d5e00000, 0x0000000100000000, 0x0000000100000000)
  eden space 680960K, 100% used [0x00000000d5e00000,0x00000000ff700000,0x00000000ff700000)
  from space 4608K, 33% used [0x00000000ff700000,0x00000000ff87e980,0x00000000ffb80000)
  to   space 4608K, 0% used [0x00000000ffb80000,0x00000000ffb80000,0x0000000100000000)
 ParOldGen       total 869888K, used 403110K [0x0000000081a00000, 0x00000000b6b80000, 0x00000000d5e00000)
  object space 869888K, 46% used [0x0000000081a00000,0x000000009a3a9898,0x00000000b6b80000)
 Metaspace       used 73445K, capacity 74376K, committed 74624K, reserved 1112064K
  class space    used 11901K, capacity 12108K, committed 12160K, reserved 1048576K
Event: 234.733 GC heap after
Heap after GC invocations=343 (full 11):
 PSYoungGen      total 685568K, used 1690K [0x00000000d5e00000, 0x0000000100000000, 0x0000000100000000)
  eden space 680960K, 0% used [0x00000000d5e00000,0x00000000d5e00000,0x00000000ff700000)
  from space 4608K, 36% used [0x00000000ffb80000,0x00000000ffd26a58,0x0000000100000000)
  to   space 4608K, 0% used [0x00000000ff700000,0x00000000ff700000,0x00000000ffb80000)
 ParOldGen       total 869888K, used 403126K [0x0000000081a00000, 0x00000000b6b80000, 0x00000000d5e00000)
  object space 869888K, 46% used [0x0000000081a00000,0x000000009a3ad898,0x00000000b6b80000)
 Metaspace       used 73445K, capacity 74376K, committed 74624K, reserved 1112064K
  class space    used 11901K, capacity 12108K, committed 12160K, reserved 1048576K
}
Event: 235.622 GC heap before
{Heap before GC invocations=344 (full 11):
 PSYoungGen      total 685568K, used 682650K [0x00000000d5e00000, 0x0000000100000000, 0x0000000100000000)
  eden space 680960K, 100% used [0x00000000d5e00000,0x00000000ff700000,0x00000000ff700000)
  from space 4608K, 36% used [0x00000000ffb80000,0x00000000ffd26a58,0x0000000100000000)
  to   space 4608K, 0% used [0x00000000ff700000,0x00000000ff700000,0x00000000ffb80000)
 ParOldGen       total 869888K, used 403126K [0x0000000081a00000, 0x00000000b6b80000, 0x00000000d5e00000)
  object space 869888K, 46% used [0x0000000081a00000,0x000000009a3ad898,0x00000000b6b80000)
 Metaspace       used 73445K, capacity 74376K, committed 74624K, reserved 1112064K
  class space    used 11901K, capacity 12108K, committed 12160K, reserved 1048576K
Event: 235.654 GC heap after
Heap after GC invocations=344 (full 11):
 PSYoungGen      total 685568K, used 1576K [0x00000000d5e00000, 0x0000000100000000, 0x0000000100000000)
  eden space 680960K, 0% used [0x00000000d5e00000,0x00000000d5e00000,0x00000000ff700000)
  from space 4608K, 34% used [0x00000000ff700000,0x00000000ff88a0b8,0x00000000ffb80000)
  to   space 4608K, 0% used [0x00000000ffb80000,0x00000000ffb80000,0x0000000100000000)
 ParOldGen       total 869888K, used 665270K [0x0000000081a00000, 0x00000000b6b80000, 0x00000000d5e00000)
  object space 869888K, 76% used [0x0000000081a00000,0x00000000aa3ad918,0x00000000b6b80000)
 Metaspace       used 73445K, capacity 74376K, committed 74624K, reserved 1112064K
  class space    used 11901K, capacity 12108K, committed 12160K, reserved 1048576K
}
Event: 236.985 GC heap before
{Heap before GC invocations=345 (full 11):
 PSYoungGen      total 685568K, used 682536K [0x00000000d5e00000, 0x0000000100000000, 0x0000000100000000)
  eden space 680960K, 100% used [0x00000000d5e00000,0x00000000ff700000,0x00000000ff700000)
  from space 4608K, 34% used [0x00000000ff700000,0x00000000ff88a0b8,0x00000000ffb80000)
  to   space 4608K, 0% used [0x00000000ffb80000,0x00000000ffb80000,0x0000000100000000)
 ParOldGen       total 869888K, used 665270K [0x0000000081a00000, 0x00000000b6b80000, 0x00000000d5e00000)
  object space 869888K, 76% used [0x0000000081a00000,0x00000000aa3ad918,0x00000000b6b80000)
 Metaspace       used 73691K, capacity 74716K, committed 74880K, reserved 1112064K
  class space    used 11920K, capacity 12123K, committed 12160K, reserved 1048576K
Event: 236.992 GC heap after
Heap after GC invocations=345 (full 11):
 PSYoungGen      total 685568K, used 3099K [0x00000000d5e00000, 0x0000000100000000, 0x0000000100000000)
  eden space 680960K, 0% used [0x00000000d5e00000,0x00000000d5e00000,0x00000000ff700000)
  from space 4608K, 67% used [0x00000000ffb80000,0x00000000ffe86e30,0x0000000100000000)
  to   space 4608K, 0% used [0x00000000ff700000,0x00000000ff700000,0x00000000ffb80000)
 ParOldGen       total 869888K, used 665278K [0x0000000081a00000, 0x00000000b6b80000, 0x00000000d5e00000)
  object space 869888K, 76% used [0x0000000081a00000,0x00000000aa3af918,0x00000000b6b80000)
 Metaspace       used 73691K, capacity 74716K, committed 74880K, reserved 1112064K
  class space    used 11920K, capacity 12123K, committed 12160K, reserved 1048576K
}

Deoptimization events (10 events):
Event: 236.268 Thread 0x000000001c681000 Uncommon trap: reason=unstable_if action=reinterpret pc=0x0000000004afef50 method=java.util.concurrent.locks.AbstractQueuedSynchronizer.doReleaseShared()V @ 69
Event: 236.400 Thread 0x0000000002fa8000 Uncommon trap: reason=unstable_if action=reinterpret pc=0x0000000003fe85a4 method=org.apache.spark.sql.catalyst.expressions.ExprId.equals(Ljava/lang/Object;)Z @ 41
Event: 236.400 Thread 0x0000000002fa8000 Uncommon trap: reason=unstable_if action=reinterpret pc=0x000000000468ae4c method=org.apache.spark.sql.catalyst.expressions.ExprId.equals(Ljava/lang/Object;)Z @ 41
Event: 236.453 Thread 0x0000000002fa8000 Uncommon trap: reason=array_check action=maybe_recompile pc=0x0000000004e275e4 method=java.util.TimSort.reverseRange([Ljava/lang/Object;II)V @ 20
Event: 236.453 Thread 0x0000000002fa8000 Uncommon trap: reason=array_check action=maybe_recompile pc=0x0000000004e24dcc method=java.util.TimSort.binarySort([Ljava/lang/Object;IIILjava/util/Comparator;)V @ 215
Event: 236.494 Thread 0x0000000002fa8000 Uncommon trap: reason=array_check action=maybe_recompile pc=0x0000000004e27340 method=java.util.TimSort.binarySort([Ljava/lang/Object;IIILjava/util/Comparator;)V @ 193
Event: 236.494 Thread 0x0000000002fa8000 Uncommon trap: reason=array_check action=maybe_recompile pc=0x0000000004e275e4 method=java.util.TimSort.reverseRange([Ljava/lang/Object;II)V @ 20
Event: 236.494 Thread 0x0000000002fa8000 Uncommon trap: reason=array_check action=maybe_recompile pc=0x0000000004e24e90 method=java.util.TimSort.binarySort([Ljava/lang/Object;IIILjava/util/Comparator;)V @ 193
Event: 236.515 Thread 0x0000000002fa8000 Uncommon trap: reason=speculate_class_check action=maybe_recompile pc=0x000000000456dbe4 method=java.io.ObjectInputStream.readNonProxyDesc(Z)Ljava/io/ObjectStreamClass; @ 108
Event: 236.516 Thread 0x0000000002fa8000 Uncommon trap: reason=array_check action=maybe_recompile pc=0x000000000384a7d8 method=java.util.Arrays.fill([Ljava/lang/Object;IILjava/lang/Object;)V @ 20

Internal exceptions (10 events):
Event: 56.631 Thread 0x000000001c681000 Exception <a 'java/lang/NoSuchMethodError': <clinit>> (0x00000000f0bee4a0) thrown at [C:\re\workspace\8-2-build-windows-amd64-cygwin\jdk8u151\9699\hotspot\src\share\vm\prims\jni.cpp, line 1613]
Event: 56.632 Thread 0x000000001c681000 Exception <a 'java/lang/NoSuchMethodError': <clinit>> (0x00000000f0bf7118) thrown at [C:\re\workspace\8-2-build-windows-amd64-cygwin\jdk8u151\9699\hotspot\src\share\vm\prims\jni.cpp, line 1613]
Event: 56.636 Thread 0x000000001c884800 Exception <a 'java/lang/NoSuchMethodError': <clinit>> (0x00000000f115cfd0) thrown at [C:\re\workspace\8-2-build-windows-amd64-cygwin\jdk8u151\9699\hotspot\src\share\vm\prims\jni.cpp, line 1613]
Event: 58.290 Thread 0x000000001c685800 Implicit null exception at 0x0000000004b7356c to 0x0000000004b73919
Event: 59.148 Thread 0x000000001c685800 Implicit null exception at 0x0000000004c757b7 to 0x0000000004c75dad
Event: 59.460 Thread 0x000000001c685800 Implicit null exception at 0x0000000004c7955b to 0x0000000004c79989
Event: 64.360 Thread 0x000000001c352000 Exception <a 'java/lang/NoSuchMethodError': <clinit>> (0x00000000dd1414a8) thrown at [C:\re\workspace\8-2-build-windows-amd64-cygwin\jdk8u151\9699\hotspot\src\share\vm\prims\jni.cpp, line 1613]
Event: 64.370 Thread 0x000000001c685800 Exception <a 'java/lang/NoSuchMethodError': <clinit>> (0x00000000da8cfda8) thrown at [C:\re\workspace\8-2-build-windows-amd64-cygwin\jdk8u151\9699\hotspot\src\share\vm\prims\jni.cpp, line 1613]
Event: 236.453 Thread 0x0000000002fa8000 Exception <a 'java/lang/NoSuchMethodError': <clinit>> (0x00000000eb0660e8) thrown at [C:\re\workspace\8-2-build-windows-amd64-cygwin\jdk8u151\9699\hotspot\src\share\vm\prims\jni.cpp, line 1613]
Event: 236.494 Thread 0x0000000002fa8000 Exception <a 'java/lang/NoSuchMethodError': <clinit>> (0x00000000ebf11190) thrown at [C:\re\workspace\8-2-build-windows-amd64-cygwin\jdk8u151\9699\hotspot\src\share\vm\prims\jni.cpp, line 1613]

Events (10 events):
Event: 236.516 Thread 0x0000000002fa8000 DEOPT PACKING pc=0x000000000384a7d8 sp=0x0000000002f9dfd0
Event: 236.516 Thread 0x0000000002fa8000 DEOPT UNPACKING pc=0x00000000030e582a sp=0x0000000002f9df80 mode 2
Event: 236.521 loading class org/apache/spark/sql/catalyst/expressions/GeneratedClass$GeneratedIterator
Event: 236.521 loading class org/apache/spark/sql/catalyst/expressions/GeneratedClass$GeneratedIterator done
Event: 236.522 Executing VM operation: RevokeBias
Event: 236.522 Executing VM operation: RevokeBias done
Event: 236.522 Executing VM operation: RevokeBias
Event: 236.522 Executing VM operation: RevokeBias done
Event: 236.985 Executing VM operation: ParallelGCFailedAllocation
Event: 236.992 Executing VM operation: ParallelGCFailedAllocation done


Dynamic libraries:
0x00007ff6af580000 - 0x00007ff6af5b7000 	C:\Program Files\Java\jre1.8.0_151\bin\javaw.exe
0x00007ffdf7e10000 - 0x00007ffdf7feb000 	C:\Windows\SYSTEM32\ntdll.dll
0x00007ffdf7c60000 - 0x00007ffdf7d0e000 	C:\Windows\System32\KERNEL32.DLL
0x00007ffdf5120000 - 0x00007ffdf5369000 	C:\Windows\System32\KERNELBASE.dll
0x00007ffdf6dd0000 - 0x00007ffdf6e71000 	C:\Windows\System32\ADVAPI32.dll
0x00007ffdf6d20000 - 0x00007ffdf6dbd000 	C:\Windows\System32\msvcrt.dll
0x00007ffdf5440000 - 0x00007ffdf5499000 	C:\Windows\System32\sechost.dll
0x00007ffdf6f40000 - 0x00007ffdf7065000 	C:\Windows\System32\RPCRT4.dll
0x00007ffdf74f0000 - 0x00007ffdf763a000 	C:\Windows\System32\USER32.dll
0x00007ffdf50a0000 - 0x00007ffdf50be000 	C:\Windows\System32\win32u.dll
0x00007ffdf7640000 - 0x00007ffdf7667000 	C:\Windows\System32\GDI32.dll
0x00007ffdf4f10000 - 0x00007ffdf5097000 	C:\Windows\System32\gdi32full.dll
0x00007ffdf4770000 - 0x00007ffdf480a000 	C:\Windows\System32\msvcp_win.dll
0x00007ffdf43f0000 - 0x00007ffdf44e6000 	C:\Windows\System32\ucrtbase.dll
0x00007ffde94d0000 - 0x00007ffde9737000 	C:\Windows\WinSxS\amd64_microsoft.windows.common-controls_6595b64144ccf1df_6.0.15063.483_none_26002d27e7c744a2\COMCTL32.dll
0x00007ffdf7960000 - 0x00007ffdf7c59000 	C:\Windows\System32\combase.dll
0x00007ffdf4380000 - 0x00007ffdf43ea000 	C:\Windows\System32\bcryptPrimitives.dll
0x00007ffdf5410000 - 0x00007ffdf543d000 	C:\Windows\System32\IMM32.DLL
0x0000000050080000 - 0x0000000050152000 	C:\Program Files\Java\jre1.8.0_151\bin\msvcr100.dll
0x0000000077760000 - 0x0000000077ffd000 	C:\Program Files\Java\jre1.8.0_151\bin\server\jvm.dll
0x00007ffdf6dc0000 - 0x00007ffdf6dc8000 	C:\Windows\System32\PSAPI.DLL
0x00007ffdf2790000 - 0x00007ffdf279a000 	C:\Windows\SYSTEM32\VERSION.dll
0x00007ffdf1b80000 - 0x00007ffdf1b89000 	C:\Windows\SYSTEM32\WSOCK32.dll
0x00007ffdf1880000 - 0x00007ffdf18a3000 	C:\Windows\SYSTEM32\WINMM.dll
0x00007ffdf7200000 - 0x00007ffdf726c000 	C:\Windows\System32\WS2_32.dll
0x00007ffdf1820000 - 0x00007ffdf184b000 	C:\Windows\SYSTEM32\winmmbase.dll
0x00007ffdf4330000 - 0x00007ffdf4379000 	C:\Windows\System32\cfgmgr32.dll
0x0000000050240000 - 0x000000005024f000 	C:\Program Files\Java\jre1.8.0_151\bin\verify.dll
0x0000000050210000 - 0x0000000050239000 	C:\Program Files\Java\jre1.8.0_151\bin\java.dll
0x00000000501f0000 - 0x0000000050206000 	C:\Program Files\Java\jre1.8.0_151\bin\zip.dll
0x00007ffdf54a0000 - 0x00007ffdf68d7000 	C:\Windows\System32\SHELL32.dll
0x00007ffdf7270000 - 0x00007ffdf731a000 	C:\Windows\System32\shcore.dll
0x00007ffdf4810000 - 0x00007ffdf4f01000 	C:\Windows\System32\windows.storage.dll
0x00007ffdf7d10000 - 0x00007ffdf7d61000 	C:\Windows\System32\shlwapi.dll
0x00007ffdf42a0000 - 0x00007ffdf42b1000 	C:\Windows\System32\kernel.appcore.dll
0x00007ffdf42c0000 - 0x00007ffdf430c000 	C:\Windows\System32\powrprof.dll
0x00007ffdf4310000 - 0x00007ffdf4325000 	C:\Windows\System32\profapi.dll
0x00007ffdf3cc0000 - 0x00007ffdf3cd7000 	C:\Windows\SYSTEM32\CRYPTSP.dll
0x00007ffdf3480000 - 0x00007ffdf34b4000 	C:\Windows\system32\rsaenh.dll
0x00007ffdf3c90000 - 0x00007ffdf3cb5000 	C:\Windows\SYSTEM32\bcrypt.dll
0x00007ffdf4180000 - 0x00007ffdf41a9000 	C:\Windows\SYSTEM32\USERENV.dll
0x00007ffdf3a00000 - 0x00007ffdf3a0b000 	C:\Windows\SYSTEM32\CRYPTBASE.dll
0x00000000501d0000 - 0x00000000501ea000 	C:\Program Files\Java\jre1.8.0_151\bin\net.dll
0x00007ffdf3860000 - 0x00007ffdf38bc000 	C:\Windows\system32\mswsock.dll
0x00007ffdf3600000 - 0x00007ffdf3637000 	C:\Windows\SYSTEM32\IPHLPAPI.DLL
0x00007ffdf7070000 - 0x00007ffdf7078000 	C:\Windows\System32\NSI.dll
0x00007ffdf2af0000 - 0x00007ffdf2b06000 	C:\Windows\SYSTEM32\dhcpcsvc6.DLL
0x00007ffdf2aa0000 - 0x00007ffdf2aba000 	C:\Windows\SYSTEM32\dhcpcsvc.DLL
0x00000000501b0000 - 0x00000000501c1000 	C:\Program Files\Java\jre1.8.0_151\bin\nio.dll
0x0000000050160000 - 0x000000005016d000 	C:\Program Files\Java\jre1.8.0_151\bin\management.dll
0x0000000050070000 - 0x0000000050079000 	C:\Program Files\Java\jre1.8.0_151\bin\w2k_lsa_auth.dll
0x00007ffdf27a0000 - 0x00007ffdf27ac000 	C:\Windows\SYSTEM32\Secur32.dll
0x00007ffdf41b0000 - 0x00007ffdf41e0000 	C:\Windows\SYSTEM32\SSPICLI.DLL
0x0000000050060000 - 0x0000000050069000 	C:\Program Files\Java\jre1.8.0_151\bin\jaas_nt.dll
0x00007ffde5160000 - 0x00007ffde5176000 	C:\Windows\system32\napinsp.dll
0x00007ffde4fc0000 - 0x00007ffde4fda000 	C:\Windows\system32\pnrpnsp.dll
0x00007ffdf1df0000 - 0x00007ffdf1e08000 	C:\Windows\system32\NLAapi.dll
0x00007ffdf3640000 - 0x00007ffdf36e4000 	C:\Windows\SYSTEM32\DNSAPI.dll
0x00007ffde4dd0000 - 0x00007ffde4dde000 	C:\Windows\System32\winrnr.dll
0x00007ffde4db0000 - 0x00007ffde4dc5000 	C:\Windows\System32\wshbth.dll
0x00007ffde86b0000 - 0x00007ffde86ba000 	C:\Windows\System32\rasadhlp.dll
0x00007ffdec850000 - 0x00007ffdec8bb000 	C:\Windows\System32\fwpuclnt.dll
0x0000000066f40000 - 0x0000000066f6d000 	C:\Users\tjass\AppData\Local\Temp\liblz4-java927887283023777846.so
0x00007ffdf3ce0000 - 0x00007ffdf3e89000 	C:\Windows\SYSTEM32\dbghelp.dll

VM Arguments:
jvm_args: -Dfile.encoding=UTF-8 -Xbootclasspath/p:C:\Users\tjass\.p2\pool\plugins\org.scala-ide.scala210.jars_4.7.0.201709291351\target\jars\scala-library.jar;C:\Users\tjass\.p2\pool\plugins\org.scala-ide.scala210.jars_4.7.0.201709291351\target\jars\scala-reflect.jar;C:\Users\tjass\.p2\pool\plugins\org.scala-ide.scala210.jars_4.7.0.201709291351\target\jars\scala-swing.jar 
java_command: SparkSQL.BigDataClass.App
java_class_path (initial): C:\Users\tjass\eclipse-workspace\BigDataClass\target\classes;C:\Users\tjass\eclipse-workspace\BigDataClass\target\test-classes;C:\Users\tjass\.m2\repository\org\apache\spark\spark-core_2.10\2.2.0\spark-core_2.10-2.2.0.jar;C:\Users\tjass\.m2\repository\org\apache\avro\avro\1.7.7\avro-1.7.7.jar;C:\Users\tjass\.m2\repository\org\codehaus\jackson\jackson-core-asl\1.9.13\jackson-core-asl-1.9.13.jar;C:\Users\tjass\.m2\repository\org\codehaus\jackson\jackson-mapper-asl\1.9.13\jackson-mapper-asl-1.9.13.jar;C:\Users\tjass\.m2\repository\com\thoughtworks\paranamer\paranamer\2.3\paranamer-2.3.jar;C:\Users\tjass\.m2\repository\org\apache\commons\commons-compress\1.4.1\commons-compress-1.4.1.jar;C:\Users\tjass\.m2\repository\org\tukaani\xz\1.0\xz-1.0.jar;C:\Users\tjass\.m2\repository\org\apache\avro\avro-mapred\1.7.7\avro-mapred-1.7.7-hadoop2.jar;C:\Users\tjass\.m2\repository\org\apache\avro\avro-ipc\1.7.7\avro-ipc-1.7.7.jar;C:\Users\tjass\.m2\repository\org\apache\avro\avro-ipc\1.7.7\avro-ipc-1.7.7-tests.jar;C:\Users\tjass\.m2\repository\com\twitter\chill_2.10\0.8.0\chill_2.10-0.8.0.jar;C:\Users\tjass\.m2\repository\com\esotericsoftware\kryo-shaded\3.0.3\kryo-shaded-3.0.3.jar;C:\Users\tjass\.m2\repository\com\esotericsoftware\minlog\1.3.0\minlog-1.3.0.jar;C:\Users\tjass\.m2\repository\org\objenesis\objenesis\2.1\objenesis-2.1.jar;C:\Users\tjass\.m2\repository\com\twitter\chill-java\0.8.0\chill-java-0.8.0.jar;C:\Users\tjass\.m2\repository\org\apache\xbean\xbean-asm5-shaded\4.4\xbean-asm5-shaded-4.4.jar;C:\Users\tjass\.m2\repository\org\apache\hadoop\hadoop-client\2.6.5\hadoop-client-2.6.5.jar;C:\Users\tjass\.m2\repository\org\apache\hadoop\hadoop-common\2.6.5\hadoop-common-2.6.5.jar;C:\Users\tjass\.m2\repository\commons-cli\commons-cli\1.2\commons-cli-1.2.jar;C:\Users\tjass\.m2\repository\xmlenc\xmlenc\0.52\xmlenc-0.52.jar;C:\Users\tjass\.m2\repository\commons-httpclient\commons-httpclient\3.1\commons-httpclient-3.1.jar;C:\Users\tjass\.m2\repository\
Launcher Type: SUN_STANDARD

Environment Variables:
JAVA_HOME=C:\PROGRA~1\Java\jre1.8.0_144
CLASSPATH=C:\Program Files\OpenLink Software\Virtuoso 8.0\drivers
PATH=C:/Program Files/Java/jre1.8.0_151/bin/server;C:/Program Files/Java/jre1.8.0_151/bin;C:/Program Files/Java/jre1.8.0_151/lib/amd64;C:\ProgramData\Oracle\Java\javapath;C:\Windows\system32;C:\Windows;C:\Windows\System32\Wbem;C:\Windows\System32\WindowsPowerShell\v1.0\;C:\Program Files (x86)\Gow\bin;C:\spark\spark-2.2.0-bin-hadoop2.7\bin;C:\Users\tjass\Anaconda3;C:\Users\tjass\zookeeper-3.4.10\bin;C:\hadoop-2.8.1\bin;C:\Users\tjass\kafka_2.11-1.0.0\bin\windows;C:\apache-maven-3.5.2\bin;C:\Program Files\Git\cmd;C:\Users\tjass\scoop\shims;C:\Users\tjass\AppData\Local\Microsoft\WindowsApps;;C:\Users\tjass\Desktop;
USERNAME=tjass
OS=Windows_NT
PROCESSOR_IDENTIFIER=Intel64 Family 6 Model 58 Stepping 9, GenuineIntel



---------------  S Y S T E M  ---------------

OS: Windows 10.0 , 64 bit Build 15063 (10.0.15063.296)

CPU:total 8 (initial active 8) (4 cores per cpu, 2 threads per core) family 6 model 58 stepping 9, cmov, cx8, fxsr, mmx, sse, sse2, sse3, ssse3, sse4.1, sse4.2, popcnt, avx, aes, clmul, erms, ht, tsc, tscinvbit, tscinv

Memory: 4k page, physical 8281404k(3090204k free), swap 11427132k(5839896k free)

vm_info: Java HotSpot(TM) 64-Bit Server VM (25.151-b12) for windows-amd64 JRE (1.8.0_151-b12), built on Sep  5 2017 19:33:46 by "java_re" with MS VC++ 10.0 (VS2010)

time: Tue Dec 05 12:44:30 2017
elapsed time: 237 seconds (0d 0h 3m 57s)

